Using pre-set license

 COMMAND LINE ARGUMENTS:
/Applications/Unity/2020.3.8f1/Unity.app/Contents/MacOS/Unity
-adb2
-batchMode
-noUpm
-name
AssetImportWorker0
-projectPath
/Users/denishusainov/Documents/GitHub/SpaceWars/New Unity Project
-logFile
Logs/AssetImportWorker0.log
-srvPort
54260
Successfully changed project path to: /Users/denishusainov/Documents/GitHub/SpaceWars/New Unity Project
/Users/denishusainov/Documents/GitHub/SpaceWars/New Unity Project
Using Asset Import Pipeline V2.
Refreshing native plugins compatible for Editor in 21.27 ms, found 1 plugins.
Preloading 0 native plugins for Editor in 0.00 ms.
Initialize engine version: 2020.3.8f1 (507919d4fff5)
[Subsystems] Discovering subsystems at path /Applications/Unity/2020.3.8f1/Unity.app/Contents/Resources/UnitySubsystems
[Subsystems] Discovering subsystems at path /Users/denishusainov/Documents/GitHub/SpaceWars/New Unity Project/Assets
GfxDevice: creating device client; threaded=0
2021-10-31 21:14:32.862 Unity[68651:2970762] (null) preferred device: Apple M1 (high power)
2021-10-31 21:14:32.862 Unity[68651:2970762] Metal devices available: 1
2021-10-31 21:14:32.862 Unity[68651:2970762] 0: Apple M1 (high power)
2021-10-31 21:14:32.862 Unity[68651:2970762] Using device Apple M1 (high power)
Initializing Metal device caps: Apple M1
Initialize mono
Mono path[0] = '/Applications/Unity/2020.3.8f1/Unity.app/Contents/Managed'
Mono path[1] = '/Applications/Unity/2020.3.8f1/Unity.app/Contents/MonoBleedingEdge/lib/mono/unityjit'
Mono config path = '/Applications/Unity/2020.3.8f1/Unity.app/Contents/MonoBleedingEdge/etc'
Using monoOptions --debugger-agent=transport=dt_socket,embedding=1,server=y,suspend=n,address=127.0.0.1:56651
Begin MonoManager ReloadAssembly
Error scanning for extension ivy.xml files: System.UnauthorizedAccessException: Access to the path '/Applications/Unity/2020.3.8f1/PlaybackEngines/WebGLSupport/BuildTools/Emscripten_Mac/node' is denied.
  at System.IO.__Error.WinIOError (System.Int32 errorCode, System.String maybeFullPath) [0x00129] in <695d1cc93cca45069c528c15c9fdd749>:0 
  at System.IO.FileSystemEnumerableIterator`1[TSource].HandleError (System.Int32 hr, System.String path) [0x00006] in <695d1cc93cca45069c528c15c9fdd749>:0 
  at System.IO.FileSystemEnumerableIterator`1[TSource].AddSearchableDirsToStack (System.IO.Directory+SearchData localSearchData) [0x00053] in <695d1cc93cca45069c528c15c9fdd749>:0 
  at System.IO.FileSystemEnumerableIterator`1[TSource].MoveNext () [0x0008e] in <695d1cc93cca45069c528c15c9fdd749>:0 
  at System.Collections.Generic.List`1[T]..ctor (System.Collections.Generic.IEnumerable`1[T] collection) [0x00077] in <695d1cc93cca45069c528c15c9fdd749>:0 
  at System.IO.Directory.InternalGetFileDirectoryNames (System.String path, System.String userPathOriginal, System.String searchPattern, System.Boolean includeFiles, System.Boolean includeDirs, System.IO.SearchOption searchOption, System.Boolean checkHost) [0x0000f] in <695d1cc93cca45069c528c15c9fdd749>:0 
  at System.IO.Directory.InternalGetFiles (System.String path, System.String searchPattern, System.IO.SearchOption searchOption) [0x00000] in <695d1cc93cca45069c528c15c9fdd749>:0 
  at System.IO.Directory.GetFiles (System.String path, System.String searchPattern, System.IO.SearchOption searchOption) [0x00038] in <695d1cc93cca45069c528c15c9fdd749>:0 
  at UnityEditor.Modules.ModuleManager.LoadLegacyExtensionsFromIvyFiles () [0x000a5] in /Users/bokken/buildslave/unity/build/Editor/Mono/Modules/ModuleManager.cs:253 
Registering precompiled unity dll's ...
Register platform support module: /Applications/Unity/2020.3.8f1/PlaybackEngines/WebGLSupport/UnityEditor.WebGL.Extensions.dll
Register platform support module: /Applications/Unity/2020.3.8f1/Unity.app/Contents/PlaybackEngines/MacStandaloneSupport/UnityEditor.OSXStandalone.Extensions.dll
Register platform support module: /Applications/Unity/2020.3.8f1/PlaybackEngines/WindowsStandaloneSupport/UnityEditor.WindowsStandalone.Extensions.dll
Registered in 0.001855 seconds.
Native extension for WindowsStandalone target not found
Native extension for OSXStandalone target not found
Native extension for WebGL target not found
Refreshing native plugins compatible for Editor in 22.93 ms, found 1 plugins.
Preloading 0 native plugins for Editor in 0.00 ms.
Mono: successfully reloaded assembly
- Completed reload, in  3.046 seconds
Platform modules already initialized, skipping
Registering precompiled user dll's ...
Registered in 0.001502 seconds.
Begin MonoManager ReloadAssembly
Native extension for WindowsStandalone target not found
Native extension for OSXStandalone target not found
Native extension for WebGL target not found
Refreshing native plugins compatible for Editor in 0.17 ms, found 1 plugins.
Preloading 0 native plugins for Editor in 0.00 ms.
Mono: successfully reloaded assembly
- Completed reload, in  1.721 seconds
Platform modules already initialized, skipping
========================================================================
Worker process is ready to serve import requests
Launching external process: /Applications/Unity/2020.3.8f1/Unity.app/Contents/Tools/UnityShaderCompiler
Launched and connected shader compiler UnityShaderCompiler after 0.03 seconds
Refreshing native plugins compatible for Editor in 0.19 ms, found 1 plugins.
Preloading 0 native plugins for Editor in 0.00 ms.
Unloading 1119 Unused Serialized files (Serialized files now loaded: 0)
System memory in use before: 112.4 MB.
System memory in use after: 112.5 MB.

Unloading 10 unused Assets to reduce memory usage. Loaded Objects now: 1561.
Total: 1.194875 ms (FindLiveObjects: 0.078292 ms CreateObjectMapping: 0.021916 ms MarkObjects: 1.026959 ms  DeleteObjects: 0.067166 ms)

========================================================================
Received Import Request.
  path: Assets/Scenes
  artifactKey: Guid(ce274884c499745e394174c57d1ba13d) Importer(815301076,1909f56bfc062723c751e8b465ee728b)
Start importing Assets/Scenes using Guid(ce274884c499745e394174c57d1ba13d) Importer(815301076,1909f56bfc062723c751e8b465ee728b)  -> (artifact id: '3fc9dffc3fcdbb9e69fbe131f6252840') in 0.006746 seconds
  Import took 0.008506 seconds .

========================================================================
Received Import Request.
  Time since last request: 113.214443 seconds.
  path: Assets/Materials/ShieldMat.mat
  artifactKey: Guid(5e913ebeabccc40ad985650258bbf0b3) Importer(815301076,1909f56bfc062723c751e8b465ee728b)
Start importing Assets/Materials/ShieldMat.mat using Guid(5e913ebeabccc40ad985650258bbf0b3) Importer(815301076,1909f56bfc062723c751e8b465ee728b)  -> (artifact id: '5984dcdd77f94029fad7c9fbb6a17a8f') in 0.975235 seconds
  Import took 0.983482 seconds .

========================================================================
Received Import Request.
  Time since last request: 0.062821 seconds.
  path: Assets/Materials/ShieldMat.mat
  artifactKey: Guid(5e913ebeabccc40ad985650258bbf0b3) Importer(815301076,1909f56bfc062723c751e8b465ee728b)
Start importing Assets/Materials/ShieldMat.mat using Guid(5e913ebeabccc40ad985650258bbf0b3) Importer(815301076,1909f56bfc062723c751e8b465ee728b)  -> (artifact id: '5984dcdd77f94029fad7c9fbb6a17a8f') in 0.030195 seconds
  Import took 0.032564 seconds .

========================================================================
Received Prepare
Registering precompiled user dll's ...
Registered in 0.000742 seconds.
Begin MonoManager ReloadAssembly
Native extension for WindowsStandalone target not found
Native extension for OSXStandalone target not found
Native extension for WebGL target not found
Refreshing native plugins compatible for Editor in 0.17 ms, found 1 plugins.
Preloading 0 native plugins for Editor in 0.00 ms.
Mono: successfully reloaded assembly
- Completed reload, in  1.631 seconds
Platform modules already initialized, skipping
Refreshing native plugins compatible for Editor in 0.14 ms, found 1 plugins.
Preloading 0 native plugins for Editor in 0.00 ms.
Unloading 1113 Unused Serialized files (Serialized files now loaded: 0)
System memory in use before: 120.5 MB.
System memory in use after: 120.6 MB.

Unloading 5 unused Assets to reduce memory usage. Loaded Objects now: 1604.
Total: 1.131417 ms (FindLiveObjects: 0.107917 ms CreateObjectMapping: 0.024917 ms MarkObjects: 0.948041 ms  DeleteObjects: 0.049750 ms)

========================================================================
Received Prepare
Registering precompiled user dll's ...
Registered in 0.000668 seconds.
Begin MonoManager ReloadAssembly
Native extension for WindowsStandalone target not found
Native extension for OSXStandalone target not found
Native extension for WebGL target not found
Refreshing native plugins compatible for Editor in 0.18 ms, found 1 plugins.
Preloading 0 native plugins for Editor in 0.00 ms.
Mono: successfully reloaded assembly
- Completed reload, in  1.697 seconds
Platform modules already initialized, skipping
Refreshing native plugins compatible for Editor in 0.17 ms, found 1 plugins.
Preloading 0 native plugins for Editor in 0.00 ms.
Unloading 1113 Unused Serialized files (Serialized files now loaded: 0)
System memory in use before: 120.7 MB.
System memory in use after: 120.8 MB.

Unloading 5 unused Assets to reduce memory usage. Loaded Objects now: 1607.
Total: 1.182292 ms (FindLiveObjects: 0.108167 ms CreateObjectMapping: 0.022250 ms MarkObjects: 0.991959 ms  DeleteObjects: 0.059375 ms)

========================================================================
Received Import Request.
  Time since last request: 1696.692108 seconds.
  path: Assets/Prefabs
  artifactKey: Guid(f8a0e61f5a6d944abac850dc5b5222dc) Importer(815301076,1909f56bfc062723c751e8b465ee728b)
Start importing Assets/Prefabs using Guid(f8a0e61f5a6d944abac850dc5b5222dc) Importer(815301076,1909f56bfc062723c751e8b465ee728b)  -> (artifact id: '607633427e4ed515bf07387c772f4438') in 0.017579 seconds
  Import took 0.026837 seconds .

========================================================================
Received Import Request.
  Time since last request: 21.337664 seconds.
  path: Assets/Prefabs/Enemy4.prefab
  artifactKey: Guid(645ced0dfc2634031aefbbbeca1736d7) Importer(815301076,1909f56bfc062723c751e8b465ee728b)
Start importing Assets/Prefabs/Enemy4.prefab using Guid(645ced0dfc2634031aefbbbeca1736d7) Importer(815301076,1909f56bfc062723c751e8b465ee728b)  -> (artifact id: '5f96aec6ab4749803297a7de26e3554c') in 0.699469 seconds
  Import took 0.701826 seconds .

========================================================================
Received Import Request.
  Time since last request: 1.194797 seconds.
  path: Assets/Prefabs/Enemy3.prefab
  artifactKey: Guid(8e0b4c4fc7b0545a9b1fc2ea26ded4ad) Importer(815301076,1909f56bfc062723c751e8b465ee728b)
Start importing Assets/Prefabs/Enemy3.prefab using Guid(8e0b4c4fc7b0545a9b1fc2ea26ded4ad) Importer(815301076,1909f56bfc062723c751e8b465ee728b)  -> (artifact id: '509404d3f66eed7c7e08ed75e9edf96f') in 0.013242 seconds
  Import took 0.015164 seconds .

========================================================================
Received Import Request.
  Time since last request: 0.010134 seconds.
  path: Assets/Prefabs/Enemy3.prefab
  artifactKey: Guid(8e0b4c4fc7b0545a9b1fc2ea26ded4ad) Importer(815301076,1909f56bfc062723c751e8b465ee728b)
Start importing Assets/Prefabs/Enemy3.prefab using Guid(8e0b4c4fc7b0545a9b1fc2ea26ded4ad) Importer(815301076,1909f56bfc062723c751e8b465ee728b)  -> (artifact id: '509404d3f66eed7c7e08ed75e9edf96f') in 0.006194 seconds
  Import took 0.008540 seconds .

========================================================================
Received Import Request.
  Time since last request: 2.068899 seconds.
  path: Assets/Prefabs/Enemy2 .prefab
  artifactKey: Guid(433188711fcee44a0bbd46034063f0d8) Importer(815301076,1909f56bfc062723c751e8b465ee728b)
Start importing Assets/Prefabs/Enemy2 .prefab using Guid(433188711fcee44a0bbd46034063f0d8) Importer(815301076,1909f56bfc062723c751e8b465ee728b)  -> (artifact id: '6ecf73a9a5068e8a19c9ca30907667cd') in 0.010097 seconds
  Import took 0.011792 seconds .

========================================================================
Received Import Request.
  Time since last request: 0.015862 seconds.
  path: Assets/Prefabs/Enemy2 .prefab
  artifactKey: Guid(433188711fcee44a0bbd46034063f0d8) Importer(815301076,1909f56bfc062723c751e8b465ee728b)
Start importing Assets/Prefabs/Enemy2 .prefab using Guid(433188711fcee44a0bbd46034063f0d8) Importer(815301076,1909f56bfc062723c751e8b465ee728b)  -> (artifact id: '6ecf73a9a5068e8a19c9ca30907667cd') in 0.006609 seconds
  Import took 0.008157 seconds .

========================================================================
Received Import Request.
  Time since last request: 2.047368 seconds.
  path: Assets/Prefabs/Enemy1.prefab
  artifactKey: Guid(cc4ea4bf262b54f29ac821a4efccb788) Importer(815301076,1909f56bfc062723c751e8b465ee728b)
Start importing Assets/Prefabs/Enemy1.prefab using Guid(cc4ea4bf262b54f29ac821a4efccb788) Importer(815301076,1909f56bfc062723c751e8b465ee728b)  -> (artifact id: '52f6b790c7953d9f48e424735c1ea92f') in 0.008843 seconds
  Import took 0.010638 seconds .

========================================================================
Received Import Request.
  Time since last request: 0.014399 seconds.
  path: Assets/Prefabs/Enemy1.prefab
  artifactKey: Guid(cc4ea4bf262b54f29ac821a4efccb788) Importer(815301076,1909f56bfc062723c751e8b465ee728b)
Start importing Assets/Prefabs/Enemy1.prefab using Guid(cc4ea4bf262b54f29ac821a4efccb788) Importer(815301076,1909f56bfc062723c751e8b465ee728b)  -> (artifact id: '52f6b790c7953d9f48e424735c1ea92f') in 0.006379 seconds
  Import took 0.008097 seconds .

========================================================================
Received Import Request.
  Time since last request: 2.588355 seconds.
  path: Assets/Prefabs/Enemy0.prefab
  artifactKey: Guid(bfe29d5c4fd04437396dbcb0daf015d5) Importer(815301076,1909f56bfc062723c751e8b465ee728b)
Start importing Assets/Prefabs/Enemy0.prefab using Guid(bfe29d5c4fd04437396dbcb0daf015d5) Importer(815301076,1909f56bfc062723c751e8b465ee728b)  -> (artifact id: '02c5650c3824681909d640e41ace8120') in 0.006782 seconds
  Import took 0.008313 seconds .

========================================================================
Received Import Request.
  Time since last request: 0.026799 seconds.
  path: Assets/Prefabs/Enemy0.prefab
  artifactKey: Guid(bfe29d5c4fd04437396dbcb0daf015d5) Importer(815301076,1909f56bfc062723c751e8b465ee728b)
Start importing Assets/Prefabs/Enemy0.prefab using Guid(bfe29d5c4fd04437396dbcb0daf015d5) Importer(815301076,1909f56bfc062723c751e8b465ee728b)  -> (artifact id: '02c5650c3824681909d640e41ace8120') in 0.006739 seconds
  Import took 0.008360 seconds .

========================================================================
Received Prepare
Registering precompiled user dll's ...
Registered in 0.000346 seconds.
Begin MonoManager ReloadAssembly
Native extension for WindowsStandalone target not found
Native extension for OSXStandalone target not found
Native extension for WebGL target not found
Refreshing native plugins compatible for Editor in 0.22 ms, found 1 plugins.
Preloading 0 native plugins for Editor in 0.00 ms.
Mono: successfully reloaded assembly
- Completed reload, in  1.835 seconds
Platform modules already initialized, skipping
Refreshing native plugins compatible for Editor in 0.18 ms, found 1 plugins.
Preloading 0 native plugins for Editor in 0.00 ms.
Unloading 1114 Unused Serialized files (Serialized files now loaded: 0)
System memory in use before: 125.5 MB.
System memory in use after: 125.6 MB.

Unloading 6 unused Assets to reduce memory usage. Loaded Objects now: 1613.
Total: 2.647166 ms (FindLiveObjects: 0.114334 ms CreateObjectMapping: 0.024250 ms MarkObjects: 2.377458 ms  DeleteObjects: 0.130083 ms)

========================================================================
Received Import Request.
  Time since last request: 97.872254 seconds.
  path: Assets/Prefabs/Enemy0.prefab
  artifactKey: Guid(bfe29d5c4fd04437396dbcb0daf015d5) Importer(815301076,1909f56bfc062723c751e8b465ee728b)
Start importing Assets/Prefabs/Enemy0.prefab using Guid(bfe29d5c4fd04437396dbcb0daf015d5) Importer(815301076,1909f56bfc062723c751e8b465ee728b)  -> (artifact id: '4c9f4f982c3bf0487efed95019d3b2cd') in 0.196528 seconds
  Import took 0.198094 seconds .

========================================================================
Received Import Request.
  Time since last request: 0.119281 seconds.
  path: Assets/Prefabs/Enemy0.prefab
  artifactKey: Guid(bfe29d5c4fd04437396dbcb0daf015d5) Importer(815301076,1909f56bfc062723c751e8b465ee728b)
Start importing Assets/Prefabs/Enemy0.prefab using Guid(bfe29d5c4fd04437396dbcb0daf015d5) Importer(815301076,1909f56bfc062723c751e8b465ee728b)  -> (artifact id: '4c9f4f982c3bf0487efed95019d3b2cd') in 0.011082 seconds
  Import took 0.012686 seconds .

========================================================================
Received Prepare
Registering precompiled user dll's ...
Registered in 0.000323 seconds.
Begin MonoManager ReloadAssembly
Native extension for WindowsStandalone target not found
Native extension for OSXStandalone target not found
Native extension for WebGL target not found
Refreshing native plugins compatible for Editor in 0.17 ms, found 1 plugins.
Preloading 0 native plugins for Editor in 0.00 ms.
Mono: successfully reloaded assembly
- Completed reload, in  1.883 seconds
Platform modules already initialized, skipping
Refreshing native plugins compatible for Editor in 0.17 ms, found 1 plugins.
Preloading 0 native plugins for Editor in 0.00 ms.
Unloading 1114 Unused Serialized files (Serialized files now loaded: 0)
System memory in use before: 125.7 MB.
System memory in use after: 125.8 MB.

Unloading 6 unused Assets to reduce memory usage. Loaded Objects now: 1617.
Total: 1.280917 ms (FindLiveObjects: 0.106917 ms CreateObjectMapping: 0.025125 ms MarkObjects: 1.083000 ms  DeleteObjects: 0.064750 ms)

========================================================================
Received Import Request.
  Time since last request: 48.903015 seconds.
  path: Assets/Scripts/Enemy.cs
  artifactKey: Guid(1c50108b5c3fa49a9a958b6a4850391b) Importer(815301076,1909f56bfc062723c751e8b465ee728b)
Start importing Assets/Scripts/Enemy.cs using Guid(1c50108b5c3fa49a9a958b6a4850391b) Importer(815301076,1909f56bfc062723c751e8b465ee728b)  -> (artifact id: '77aaaea5968ae7bfa745b6cc2aa4f917') in 1.776635 seconds
  Import took 1.785113 seconds .

========================================================================
Received Import Request.
  Time since last request: 1102.690137 seconds.
  path: Assets/Scripts/Enemy.cs
  artifactKey: Guid(1c50108b5c3fa49a9a958b6a4850391b) Importer(815301076,1909f56bfc062723c751e8b465ee728b)
Start importing Assets/Scripts/Enemy.cs using Guid(1c50108b5c3fa49a9a958b6a4850391b) Importer(815301076,1909f56bfc062723c751e8b465ee728b)  -> (artifact id: '5f78e450b0daab41a685d0e21cad7811') in 0.019466 seconds
  Import took 0.066544 seconds .

========================================================================
Received Prepare
Registering precompiled user dll's ...
Registered in 0.000335 seconds.
Begin MonoManager ReloadAssembly
Native extension for WindowsStandalone target not found
Native extension for OSXStandalone target not found
Native extension for WebGL target not found
Refreshing native plugins compatible for Editor in 0.19 ms, found 1 plugins.
Preloading 0 native plugins for Editor in 0.00 ms.
Mono: successfully reloaded assembly
- Completed reload, in  2.036 seconds
Platform modules already initialized, skipping
Refreshing native plugins compatible for Editor in 0.21 ms, found 1 plugins.
Preloading 0 native plugins for Editor in 0.00 ms.
Unloading 1114 Unused Serialized files (Serialized files now loaded: 0)
System memory in use before: 130.2 MB.
System memory in use after: 130.2 MB.

Unloading 5 unused Assets to reduce memory usage. Loaded Objects now: 1620.
Total: 2.701000 ms (FindLiveObjects: 0.310792 ms CreateObjectMapping: 0.026833 ms MarkObjects: 2.127292 ms  DeleteObjects: 0.235333 ms)

========================================================================
Received Import Request.
  Time since last request: 387.892387 seconds.
  path: Assets/Scripts/Enemy.cs
  artifactKey: Guid(1c50108b5c3fa49a9a958b6a4850391b) Importer(815301076,1909f56bfc062723c751e8b465ee728b)
Start importing Assets/Scripts/Enemy.cs using Guid(1c50108b5c3fa49a9a958b6a4850391b) Importer(815301076,1909f56bfc062723c751e8b465ee728b)  -> (artifact id: '9ac6c17e3a99327a175d1fc1b2b304fc') in 0.035203 seconds
  Import took 0.041653 seconds .

========================================================================
Received Prepare
Registering precompiled user dll's ...
Registered in 0.000335 seconds.
Begin MonoManager ReloadAssembly
Native extension for WindowsStandalone target not found
Native extension for OSXStandalone target not found
Native extension for WebGL target not found
Refreshing native plugins compatible for Editor in 0.18 ms, found 1 plugins.
Preloading 0 native plugins for Editor in 0.00 ms.
Mono: successfully reloaded assembly
- Completed reload, in  1.834 seconds
Platform modules already initialized, skipping
Refreshing native plugins compatible for Editor in 0.20 ms, found 1 plugins.
Preloading 0 native plugins for Editor in 0.00 ms.
Unloading 1114 Unused Serialized files (Serialized files now loaded: 0)
System memory in use before: 130.4 MB.
System memory in use after: 130.5 MB.

Unloading 5 unused Assets to reduce memory usage. Loaded Objects now: 1623.
Total: 2.594625 ms (FindLiveObjects: 0.324416 ms CreateObjectMapping: 0.024458 ms MarkObjects: 2.122375 ms  DeleteObjects: 0.122542 ms)

========================================================================
Received Prepare
Registering precompiled user dll's ...
Registered in 0.000801 seconds.
Begin MonoManager ReloadAssembly
Native extension for WindowsStandalone target not found
Native extension for OSXStandalone target not found
Native extension for WebGL target not found
Refreshing native plugins compatible for Editor in 0.20 ms, found 1 plugins.
Preloading 0 native plugins for Editor in 0.00 ms.
Mono: successfully reloaded assembly
- Completed reload, in  1.670 seconds
Platform modules already initialized, skipping
Refreshing native plugins compatible for Editor in 0.18 ms, found 1 plugins.
Preloading 0 native plugins for Editor in 0.00 ms.
Unloading 1114 Unused Serialized files (Serialized files now loaded: 0)
System memory in use before: 130.6 MB.
System memory in use after: 130.7 MB.

Unloading 5 unused Assets to reduce memory usage. Loaded Objects now: 1626.
Total: 1.241041 ms (FindLiveObjects: 0.121583 ms CreateObjectMapping: 0.022417 ms MarkObjects: 1.036458 ms  DeleteObjects: 0.059791 ms)

========================================================================
Received Import Request.
  Time since last request: 199.083999 seconds.
  path: Assets/Prefabs/Enemy0.prefab
  artifactKey: Guid(bfe29d5c4fd04437396dbcb0daf015d5) Importer(815301076,1909f56bfc062723c751e8b465ee728b)
Start importing Assets/Prefabs/Enemy0.prefab using Guid(bfe29d5c4fd04437396dbcb0daf015d5) Importer(815301076,1909f56bfc062723c751e8b465ee728b)  -> (artifact id: 'c3072112bb85d345942219acb8aad035') in 0.212815 seconds
  Import took 0.222484 seconds .

